17.03.2021 00:00:20 [main] INFO  by.Astapkina.bookshop.main.Main  - Starting program_______________________
17.03.2021 00:00:20 [main] INFO  by.Astapkina.bookshop.main.Main  - Book's list
17.03.2021 00:00:20 [main] INFO  by.Astapkina.bookshop.main.Main  - Sorting by year: 
17.03.2021 00:01:30 [main] INFO  by.Astapkina.bookshop.main.Main  - Starting program_______________________
17.03.2021 00:01:30 [main] INFO  by.Astapkina.bookshop.main.Main  - Book's list
17.03.2021 00:01:31 [main] INFO  by.Astapkina.bookshop.main.Main  - Sorting by year: 
17.03.2021 00:02:46 [main] INFO  by.Astapkina.bookshop.main.Main  - Starting program_______________________
17.03.2021 00:02:46 [main] INFO  by.Astapkina.bookshop.main.Main  - Book's list
17.03.2021 00:02:46 [main] INFO  by.Astapkina.bookshop.main.Main  - Sorting by year: 
17.03.2021 00:03:02 [main] INFO  by.Astapkina.bookshop.main.Main  - Starting program_______________________
17.03.2021 00:03:02 [main] INFO  by.Astapkina.bookshop.main.Main  - Book's list
17.03.2021 00:03:02 [main] INFO  by.Astapkina.bookshop.main.Main  - Sorting by year: 
17.03.2021 00:04:24 [main] INFO  by.Astapkina.bookshop.main.Main  - Starting program_______________________
17.03.2021 00:04:24 [main] INFO  by.Astapkina.bookshop.main.Main  - Book's list
17.03.2021 00:04:25 [main] INFO  by.Astapkina.bookshop.main.Main  - Sorting by year: 
17.03.2021 00:04:45 [main] INFO  by.Astapkina.bookshop.main.Main  - Starting program_______________________
17.03.2021 00:04:45 [main] INFO  by.Astapkina.bookshop.main.Main  - Book's list
17.03.2021 00:04:45 [main] INFO  by.Astapkina.bookshop.main.Main  - Sorting by year: 
17.03.2021 00:06:01 [main] INFO  by.Astapkina.bookshop.main.Main  - Starting program_______________________
17.03.2021 00:06:01 [main] INFO  by.Astapkina.bookshop.main.Main  - Book's list
17.03.2021 00:06:01 [main] INFO  by.Astapkina.bookshop.main.Main  - Sorting by year: 
17.03.2021 00:07:09 [main] INFO  by.Astapkina.bookshop.main.Main  - Starting program_______________________
17.03.2021 00:07:09 [main] INFO  by.Astapkina.bookshop.main.Main  - Book's list
17.03.2021 00:07:09 [main] INFO  by.Astapkina.bookshop.main.Main  - Sorting by year: 
17.03.2021 00:07:58 [main] INFO  by.Astapkina.bookshop.main.Main  - Starting program_______________________
17.03.2021 00:07:58 [main] INFO  by.Astapkina.bookshop.main.Main  - Book's list
17.03.2021 00:07:58 [main] INFO  by.Astapkina.bookshop.main.Main  - Sorting by year: 
17.03.2021 00:11:38 [main] INFO  by.Astapkina.bookshop.main.Main  - Starting program_______________________
17.03.2021 00:11:38 [main] INFO  by.Astapkina.bookshop.main.Main  - Book's list
17.03.2021 00:11:38 [main] INFO  by.Astapkina.bookshop.main.Main  - Sorting by year: 
17.03.2021 00:13:42 [main] INFO  by.Astapkina.bookshop.main.Main  - Starting program_______________________
17.03.2021 00:13:42 [main] INFO  by.Astapkina.bookshop.main.Main  - Book's list
17.03.2021 00:13:42 [main] INFO  by.Astapkina.bookshop.main.Main  - Sorting by year: 
17.03.2021 00:13:42 [main] INFO  by.Astapkina.bookshop.main.Main  - New books
17.03.2021 00:13:42 [main] INFO  by.Astapkina.bookshop.main.Main  - Sell the book
17.03.2021 00:13:42 [main] INFO  by.Astapkina.bookshop.main.Main  - Find the book
17.03.2021 00:21:10 [main] INFO  by.Astapkina.bookshop.main.Main  - Starting program_______________________
17.03.2021 00:21:10 [main] INFO  by.Astapkina.bookshop.main.Main  - Book's list
17.03.2021 00:21:11 [main] INFO  by.Astapkina.bookshop.main.Main  - Sorting by year: 
17.03.2021 00:21:11 [main] INFO  by.Astapkina.bookshop.main.Main  - New books
17.03.2021 00:21:11 [main] INFO  by.Astapkina.bookshop.main.Main  - Sell the book
17.03.2021 00:21:11 [main] INFO  by.Astapkina.bookshop.main.Main  - Find the book
17.03.2021 15:03:53 [main] INFO  by.Astapkina.bookshop.main.Main  - Starting program_______________________
17.03.2021 15:03:53 [main] INFO  by.Astapkina.bookshop.main.Main  - Book's list
17.03.2021 15:03:53 [main] INFO  by.Astapkina.bookshop.main.Main  - Sorting by year: 
17.03.2021 15:03:53 [main] INFO  by.Astapkina.bookshop.main.Main  - New books
17.03.2021 15:03:53 [main] INFO  by.Astapkina.bookshop.main.Main  - Sell the book
17.03.2021 15:03:53 [main] INFO  by.Astapkina.bookshop.main.Main  - Find the book
