11.05.2021 21:30:42 [main] INFO  by.Astapkina.Main  - All Manufacturers: 

11.05.2021 21:30:42 [main] INFO  by.Astapkina.Main  - [Manufacturer{requisites=20, name='EasyGifts', country='Poland'}, Manufacturer{requisites=23, name='FruitOfTheLoom', country='Germany'}, Manufacturer{requisites=29, name='MidOcean', country='France'}, Manufacturer{requisites=37, name='HappyGifts', country='Russia'}, Manufacturer{requisites=49, name='Sols', country='France'}, Manufacturer{requisites=65, name='Project111', country='Russia'}]

11.05.2021 21:30:42 [main] INFO  by.Astapkina.Main  - Производителях, чьи цены на сувениры меньше 35$
11.05.2021 21:31:56 [main] INFO  by.Astapkina.Main  - All Manufacturers: 

11.05.2021 21:31:57 [main] INFO  by.Astapkina.Main  - [Manufacturer{requisites=20, name='EasyGifts', country='Poland'}, Manufacturer{requisites=23, name='FruitOfTheLoom', country='Germany'}, Manufacturer{requisites=29, name='MidOcean', country='France'}, Manufacturer{requisites=37, name='HappyGifts', country='Russia'}, Manufacturer{requisites=49, name='Sols', country='France'}, Manufacturer{requisites=65, name='Project111', country='Russia'}]

11.05.2021 21:31:57 [main] INFO  by.Astapkina.Main  - Производителях, чьи цены на сувениры меньше 35$
11.05.2021 21:31:57 [main] INFO  by.Astapkina.Main  - [Manufacturer{requisites=20, name='EasyGifts', country='Poland'}, Manufacturer{requisites=20, name='EasyGifts', country='Poland'}, Manufacturer{requisites=29, name='MidOcean', country='France'}, Manufacturer{requisites=37, name='HappyGifts', country='Russia'}, Manufacturer{requisites=49, name='Sols', country='France'}, Manufacturer{requisites=65, name='Project111', country='Russia'}, Manufacturer{requisites=65, name='Project111', country='Russia'}]
11.05.2021 21:33:48 [main] INFO  by.Astapkina.Main  - All Manufacturers: 

11.05.2021 21:33:48 [main] INFO  by.Astapkina.Main  - [Manufacturer{requisites=20, name='EasyGifts', country='Poland'}, Manufacturer{requisites=23, name='FruitOfTheLoom', country='Germany'}, Manufacturer{requisites=29, name='MidOcean', country='France'}, Manufacturer{requisites=37, name='HappyGifts', country='Russia'}, Manufacturer{requisites=49, name='Sols', country='France'}, Manufacturer{requisites=65, name='Project111', country='Russia'}]

11.05.2021 21:33:48 [main] INFO  by.Astapkina.Main  - Производителях, чьи цены на сувениры меньше 35$
11.05.2021 21:33:48 [main] INFO  by.Astapkina.Main  - [Manufacturer{requisites=20, name='EasyGifts', country='Poland'}, Manufacturer{requisites=20, name='EasyGifts', country='Poland'}, Manufacturer{requisites=29, name='MidOcean', country='France'}, Manufacturer{requisites=37, name='HappyGifts', country='Russia'}, Manufacturer{requisites=49, name='Sols', country='France'}, Manufacturer{requisites=65, name='Project111', country='Russia'}, Manufacturer{requisites=65, name='Project111', country='Russia'}]
11.05.2021 21:37:16 [main] INFO  by.Astapkina.Main  - All Manufacturers: 

11.05.2021 21:37:16 [main] INFO  by.Astapkina.Main  - [Manufacturer{requisites=20, name='EasyGifts', country='Poland'}, Manufacturer{requisites=23, name='FruitOfTheLoom', country='Germany'}, Manufacturer{requisites=29, name='MidOcean', country='France'}, Manufacturer{requisites=37, name='HappyGifts', country='Russia'}, Manufacturer{requisites=49, name='Sols', country='France'}, Manufacturer{requisites=65, name='Project111', country='Russia'}]

11.05.2021 21:37:16 [main] INFO  by.Astapkina.Main  - Производителях, чьи цены на сувениры меньше 35$
11.05.2021 21:37:16 [main] INFO  by.Astapkina.Main  - [Manufacturer{requisites=20, name='EasyGifts', country='Poland'}, Manufacturer{requisites=20, name='EasyGifts', country='Poland'}, Manufacturer{requisites=29, name='MidOcean', country='France'}, Manufacturer{requisites=37, name='HappyGifts', country='Russia'}, Manufacturer{requisites=49, name='Sols', country='France'}, Manufacturer{requisites=65, name='Project111', country='Russia'}, Manufacturer{requisites=65, name='Project111', country='Russia'}]
11.05.2021 21:37:16 [main] INFO  by.Astapkina.Main  - Производители сувенира pen, произведенного в 2020 году.
11.05.2021 21:38:02 [main] INFO  by.Astapkina.Main  - All Manufacturers: 

11.05.2021 21:38:02 [main] INFO  by.Astapkina.Main  - [Manufacturer{requisites=20, name='EasyGifts', country='Poland'}, Manufacturer{requisites=23, name='FruitOfTheLoom', country='Germany'}, Manufacturer{requisites=29, name='MidOcean', country='France'}, Manufacturer{requisites=37, name='HappyGifts', country='Russia'}, Manufacturer{requisites=49, name='Sols', country='France'}, Manufacturer{requisites=65, name='Project111', country='Russia'}]

11.05.2021 21:38:02 [main] INFO  by.Astapkina.Main  - Производителях, чьи цены на сувениры меньше 35$
11.05.2021 21:38:02 [main] INFO  by.Astapkina.Main  - [Manufacturer{requisites=20, name='EasyGifts', country='Poland'}, Manufacturer{requisites=20, name='EasyGifts', country='Poland'}, Manufacturer{requisites=29, name='MidOcean', country='France'}, Manufacturer{requisites=37, name='HappyGifts', country='Russia'}, Manufacturer{requisites=49, name='Sols', country='France'}, Manufacturer{requisites=65, name='Project111', country='Russia'}, Manufacturer{requisites=65, name='Project111', country='Russia'}]
11.05.2021 21:38:02 [main] INFO  by.Astapkina.Main  - Производители сувенира pen, произведенного в 2020 году.
11.05.2021 21:38:02 [main] INFO  by.Astapkina.Main  - [Manufacturer{requisites=37, name='HappyGifts', country='Russia'}]
11.05.2021 21:40:52 [main] INFO  by.Astapkina.Main  - All Manufacturers: 

11.05.2021 21:40:52 [main] INFO  by.Astapkina.Main  - [Manufacturer{requisites=20, name='EasyGifts', country='Poland'}, Manufacturer{requisites=23, name='FruitOfTheLoom', country='Germany'}, Manufacturer{requisites=29, name='MidOcean', country='France'}, Manufacturer{requisites=37, name='HappyGifts', country='Russia'}, Manufacturer{requisites=49, name='Sols', country='France'}, Manufacturer{requisites=65, name='Project111', country='Russia'}]

11.05.2021 21:40:52 [main] INFO  by.Astapkina.Main  - Производителях, чьи цены на сувениры меньше 35$
11.05.2021 21:40:52 [main] INFO  by.Astapkina.Main  - [Manufacturer{requisites=20, name='EasyGifts', country='Poland'}, Manufacturer{requisites=20, name='EasyGifts', country='Poland'}, Manufacturer{requisites=29, name='MidOcean', country='France'}, Manufacturer{requisites=37, name='HappyGifts', country='Russia'}, Manufacturer{requisites=49, name='Sols', country='France'}, Manufacturer{requisites=65, name='Project111', country='Russia'}, Manufacturer{requisites=65, name='Project111', country='Russia'}]
11.05.2021 21:40:52 [main] INFO  by.Astapkina.Main  - Производители сувенира pen, произведенного в 2020 году.
11.05.2021 21:40:52 [main] INFO  by.Astapkina.Main  - [Manufacturer{requisites=37, name='HappyGifts', country='Russia'}]
11.05.2021 21:40:52 [main] INFO  by.Astapkina.Main  - All souvenirs

11.05.2021 21:40:52 [main] INFO  by.Astapkina.Main  - [Souvenir{id=1, name='notebook', requisites=20, date=2020, price=22}, Souvenir{id=2, name='pen', requisites=20, date=2021, price=15}, Souvenir{id=3, name='lunchbox', requisites=29, date=2021, price=31}, Souvenir{id=4, name='lamp', requisites=29, date=2020, price=49}, Souvenir{id=5, name='pen', requisites=37, date=2020, price=19}, Souvenir{id=6, name='hoodie', requisites=49, date=2021, price=55}, Souvenir{id=7, name='sweatshirt', requisites=49, date=2020, price=50}, Souvenir{id=8, name='t-shirt', requisites=49, date=2020, price=30}, Souvenir{id=9, name='jacket', requisites=23, date=2021, price=60}, Souvenir{id=10, name='hoodie', requisites=23, date=2021, price=45}, Souvenir{id=11, name='notebook', requisites=65, date=2020, price=25}, Souvenir{id=12, name='calendar', requisites=65, date=2021, price=10}]
11.05.2021 21:44:36 [main] INFO  by.Astapkina.Main  - All Manufacturers: 

11.05.2021 21:44:36 [main] INFO  by.Astapkina.Main  - [Manufacturer{requisites=20, name='EasyGifts', country='Poland'}, Manufacturer{requisites=23, name='FruitOfTheLoom', country='Germany'}, Manufacturer{requisites=29, name='MidOcean', country='France'}, Manufacturer{requisites=37, name='HappyGifts', country='Russia'}, Manufacturer{requisites=49, name='Sols', country='France'}, Manufacturer{requisites=65, name='Project111', country='Russia'}]

11.05.2021 21:44:36 [main] INFO  by.Astapkina.Main  - Производителях, чьи цены на сувениры меньше 35$
11.05.2021 21:44:36 [main] INFO  by.Astapkina.Main  - [Manufacturer{requisites=20, name='EasyGifts', country='Poland'}, Manufacturer{requisites=20, name='EasyGifts', country='Poland'}, Manufacturer{requisites=29, name='MidOcean', country='France'}, Manufacturer{requisites=37, name='HappyGifts', country='Russia'}, Manufacturer{requisites=49, name='Sols', country='France'}, Manufacturer{requisites=65, name='Project111', country='Russia'}, Manufacturer{requisites=65, name='Project111', country='Russia'}]
11.05.2021 21:44:36 [main] INFO  by.Astapkina.Main  - Производители сувенира pen, произведенного в 2020 году.
11.05.2021 21:44:36 [main] INFO  by.Astapkina.Main  - [Manufacturer{requisites=37, name='HappyGifts', country='Russia'}]
11.05.2021 21:44:36 [main] INFO  by.Astapkina.Main  - All souvenirs

11.05.2021 21:44:36 [main] INFO  by.Astapkina.Main  - [Souvenir{id=1, name='notebook', requisites=20, date=2020, price=22}, Souvenir{id=2, name='pen', requisites=20, date=2021, price=15}, Souvenir{id=3, name='lunchbox', requisites=29, date=2021, price=31}, Souvenir{id=4, name='lamp', requisites=29, date=2020, price=49}, Souvenir{id=5, name='pen', requisites=37, date=2020, price=19}, Souvenir{id=6, name='hoodie', requisites=49, date=2021, price=55}, Souvenir{id=7, name='sweatshirt', requisites=49, date=2020, price=50}, Souvenir{id=8, name='t-shirt', requisites=49, date=2020, price=30}, Souvenir{id=9, name='jacket', requisites=23, date=2021, price=60}, Souvenir{id=10, name='hoodie', requisites=23, date=2021, price=45}, Souvenir{id=11, name='notebook', requisites=65, date=2020, price=25}, Souvenir{id=12, name='calendar', requisites=65, date=2021, price=10}]
11.05.2021 21:44:36 [main] INFO  by.Astapkina.Main  - Информация о сувенирах производителя FruitOfTheLoom
11.05.2021 21:45:24 [main] INFO  by.Astapkina.Main  - All Manufacturers: 

11.05.2021 21:45:24 [main] INFO  by.Astapkina.Main  - [Manufacturer{requisites=20, name='EasyGifts', country='Poland'}, Manufacturer{requisites=23, name='FruitOfTheLoom', country='Germany'}, Manufacturer{requisites=29, name='MidOcean', country='France'}, Manufacturer{requisites=37, name='HappyGifts', country='Russia'}, Manufacturer{requisites=49, name='Sols', country='France'}, Manufacturer{requisites=65, name='Project111', country='Russia'}]

11.05.2021 21:45:24 [main] INFO  by.Astapkina.Main  - Производителях, чьи цены на сувениры меньше 35$
11.05.2021 21:45:24 [main] INFO  by.Astapkina.Main  - [Manufacturer{requisites=20, name='EasyGifts', country='Poland'}, Manufacturer{requisites=20, name='EasyGifts', country='Poland'}, Manufacturer{requisites=29, name='MidOcean', country='France'}, Manufacturer{requisites=37, name='HappyGifts', country='Russia'}, Manufacturer{requisites=49, name='Sols', country='France'}, Manufacturer{requisites=65, name='Project111', country='Russia'}, Manufacturer{requisites=65, name='Project111', country='Russia'}]
11.05.2021 21:45:24 [main] INFO  by.Astapkina.Main  - Производители сувенира pen, произведенного в 2020 году.
11.05.2021 21:45:24 [main] INFO  by.Astapkina.Main  - [Manufacturer{requisites=37, name='HappyGifts', country='Russia'}]
11.05.2021 21:45:24 [main] INFO  by.Astapkina.Main  - All souvenirs

11.05.2021 21:45:24 [main] INFO  by.Astapkina.Main  - [Souvenir{id=1, name='notebook', requisites=20, date=2020, price=22}, Souvenir{id=2, name='pen', requisites=20, date=2021, price=15}, Souvenir{id=3, name='lunchbox', requisites=29, date=2021, price=31}, Souvenir{id=4, name='lamp', requisites=29, date=2020, price=49}, Souvenir{id=5, name='pen', requisites=37, date=2020, price=19}, Souvenir{id=6, name='hoodie', requisites=49, date=2021, price=55}, Souvenir{id=7, name='sweatshirt', requisites=49, date=2020, price=50}, Souvenir{id=8, name='t-shirt', requisites=49, date=2020, price=30}, Souvenir{id=9, name='jacket', requisites=23, date=2021, price=60}, Souvenir{id=10, name='hoodie', requisites=23, date=2021, price=45}, Souvenir{id=11, name='notebook', requisites=65, date=2020, price=25}, Souvenir{id=12, name='calendar', requisites=65, date=2021, price=10}]
11.05.2021 21:45:24 [main] INFO  by.Astapkina.Main  - Информация о сувенирах производителя FruitOfTheLoom
11.05.2021 21:46:55 [main] INFO  by.Astapkina.Main  - All Manufacturers: 

11.05.2021 21:46:55 [main] INFO  by.Astapkina.Main  - [Manufacturer{requisites=20, name='EasyGifts', country='Poland'}, Manufacturer{requisites=23, name='FruitOfTheLoom', country='Germany'}, Manufacturer{requisites=29, name='MidOcean', country='France'}, Manufacturer{requisites=37, name='HappyGifts', country='Russia'}, Manufacturer{requisites=49, name='Sols', country='France'}, Manufacturer{requisites=65, name='Project111', country='Russia'}]

11.05.2021 21:46:55 [main] INFO  by.Astapkina.Main  - Производителях, чьи цены на сувениры меньше 35$
11.05.2021 21:46:55 [main] INFO  by.Astapkina.Main  - [Manufacturer{requisites=20, name='EasyGifts', country='Poland'}, Manufacturer{requisites=20, name='EasyGifts', country='Poland'}, Manufacturer{requisites=29, name='MidOcean', country='France'}, Manufacturer{requisites=37, name='HappyGifts', country='Russia'}, Manufacturer{requisites=49, name='Sols', country='France'}, Manufacturer{requisites=65, name='Project111', country='Russia'}, Manufacturer{requisites=65, name='Project111', country='Russia'}]
11.05.2021 21:46:55 [main] INFO  by.Astapkina.Main  - Производители сувенира pen, произведенного в 2020 году.
11.05.2021 21:46:55 [main] INFO  by.Astapkina.Main  - [Manufacturer{requisites=37, name='HappyGifts', country='Russia'}]
11.05.2021 21:46:55 [main] INFO  by.Astapkina.Main  - All souvenirs

11.05.2021 21:46:56 [main] INFO  by.Astapkina.Main  - [Souvenir{id=1, name='notebook', requisites=20, date=2020, price=22}, Souvenir{id=2, name='pen', requisites=20, date=2021, price=15}, Souvenir{id=3, name='lunchbox', requisites=29, date=2021, price=31}, Souvenir{id=4, name='lamp', requisites=29, date=2020, price=49}, Souvenir{id=5, name='pen', requisites=37, date=2020, price=19}, Souvenir{id=6, name='hoodie', requisites=49, date=2021, price=55}, Souvenir{id=7, name='sweatshirt', requisites=49, date=2020, price=50}, Souvenir{id=8, name='t-shirt', requisites=49, date=2020, price=30}, Souvenir{id=9, name='jacket', requisites=23, date=2021, price=60}, Souvenir{id=10, name='hoodie', requisites=23, date=2021, price=45}, Souvenir{id=11, name='notebook', requisites=65, date=2020, price=25}, Souvenir{id=12, name='calendar', requisites=65, date=2021, price=10}]
11.05.2021 21:46:56 [main] INFO  by.Astapkina.Main  - Информация о сувенирах, произведенных во Франции
11.05.2021 21:47:54 [main] INFO  by.Astapkina.Main  - All Manufacturers: 

11.05.2021 21:47:54 [main] INFO  by.Astapkina.Main  - [Manufacturer{requisites=20, name='EasyGifts', country='Poland'}, Manufacturer{requisites=23, name='FruitOfTheLoom', country='Germany'}, Manufacturer{requisites=29, name='MidOcean', country='France'}, Manufacturer{requisites=37, name='HappyGifts', country='Russia'}, Manufacturer{requisites=49, name='Sols', country='France'}, Manufacturer{requisites=65, name='Project111', country='Russia'}]

11.05.2021 21:47:54 [main] INFO  by.Astapkina.Main  - Производителях, чьи цены на сувениры меньше 35$
11.05.2021 21:47:54 [main] INFO  by.Astapkina.Main  - [Manufacturer{requisites=20, name='EasyGifts', country='Poland'}, Manufacturer{requisites=20, name='EasyGifts', country='Poland'}, Manufacturer{requisites=29, name='MidOcean', country='France'}, Manufacturer{requisites=37, name='HappyGifts', country='Russia'}, Manufacturer{requisites=49, name='Sols', country='France'}, Manufacturer{requisites=65, name='Project111', country='Russia'}, Manufacturer{requisites=65, name='Project111', country='Russia'}]
11.05.2021 21:47:54 [main] INFO  by.Astapkina.Main  - Производители сувенира pen, произведенного в 2020 году.
11.05.2021 21:47:54 [main] INFO  by.Astapkina.Main  - [Manufacturer{requisites=37, name='HappyGifts', country='Russia'}]
11.05.2021 21:47:54 [main] INFO  by.Astapkina.Main  - All souvenirs

11.05.2021 21:47:54 [main] INFO  by.Astapkina.Main  - [Souvenir{id=1, name='notebook', requisites=20, date=2020, price=22}, Souvenir{id=2, name='pen', requisites=20, date=2021, price=15}, Souvenir{id=3, name='lunchbox', requisites=29, date=2021, price=31}, Souvenir{id=4, name='lamp', requisites=29, date=2020, price=49}, Souvenir{id=5, name='pen', requisites=37, date=2020, price=19}, Souvenir{id=6, name='hoodie', requisites=49, date=2021, price=55}, Souvenir{id=7, name='sweatshirt', requisites=49, date=2020, price=50}, Souvenir{id=8, name='t-shirt', requisites=49, date=2020, price=30}, Souvenir{id=9, name='jacket', requisites=23, date=2021, price=60}, Souvenir{id=10, name='hoodie', requisites=23, date=2021, price=45}, Souvenir{id=11, name='notebook', requisites=65, date=2020, price=25}, Souvenir{id=12, name='calendar', requisites=65, date=2021, price=10}]
11.05.2021 21:47:54 [main] INFO  by.Astapkina.Main  - Информация о сувенирах, произведенных во Франции
11.05.2021 21:48:45 [main] INFO  by.Astapkina.Main  - All Manufacturers: 

11.05.2021 21:48:45 [main] INFO  by.Astapkina.Main  - [Manufacturer{requisites=20, name='EasyGifts', country='Poland'}, Manufacturer{requisites=23, name='FruitOfTheLoom', country='Germany'}, Manufacturer{requisites=29, name='MidOcean', country='France'}, Manufacturer{requisites=37, name='HappyGifts', country='Russia'}, Manufacturer{requisites=49, name='Sols', country='France'}, Manufacturer{requisites=65, name='Project111', country='Russia'}]

11.05.2021 21:48:45 [main] INFO  by.Astapkina.Main  - Производителях, чьи цены на сувениры меньше 35$
11.05.2021 21:48:45 [main] INFO  by.Astapkina.Main  - [Manufacturer{requisites=20, name='EasyGifts', country='Poland'}, Manufacturer{requisites=20, name='EasyGifts', country='Poland'}, Manufacturer{requisites=29, name='MidOcean', country='France'}, Manufacturer{requisites=37, name='HappyGifts', country='Russia'}, Manufacturer{requisites=49, name='Sols', country='France'}, Manufacturer{requisites=65, name='Project111', country='Russia'}, Manufacturer{requisites=65, name='Project111', country='Russia'}]
11.05.2021 21:48:45 [main] INFO  by.Astapkina.Main  - Производители сувенира pen, произведенного в 2020 году.
11.05.2021 21:48:45 [main] INFO  by.Astapkina.Main  - [Manufacturer{requisites=37, name='HappyGifts', country='Russia'}]
11.05.2021 21:48:45 [main] INFO  by.Astapkina.Main  - All souvenirs

11.05.2021 21:48:45 [main] INFO  by.Astapkina.Main  - [Souvenir{id=1, name='notebook', requisites=20, date=2020, price=22}, Souvenir{id=2, name='pen', requisites=20, date=2021, price=15}, Souvenir{id=3, name='lunchbox', requisites=29, date=2021, price=31}, Souvenir{id=4, name='lamp', requisites=29, date=2020, price=49}, Souvenir{id=5, name='pen', requisites=37, date=2020, price=19}, Souvenir{id=6, name='hoodie', requisites=49, date=2021, price=55}, Souvenir{id=7, name='sweatshirt', requisites=49, date=2020, price=50}, Souvenir{id=8, name='t-shirt', requisites=49, date=2020, price=30}, Souvenir{id=9, name='jacket', requisites=23, date=2021, price=60}, Souvenir{id=10, name='hoodie', requisites=23, date=2021, price=45}, Souvenir{id=11, name='notebook', requisites=65, date=2020, price=25}, Souvenir{id=12, name='calendar', requisites=65, date=2021, price=10}]
11.05.2021 21:48:45 [main] INFO  by.Astapkina.Main  - Информация о сувенирах, произведенных во Франции
11.05.2021 21:48:45 [main] INFO  by.Astapkina.Main  - [Souvenir{id=3, name='lunchbox', requisites=29, date=2021, price=31}, Souvenir{id=4, name='lamp', requisites=29, date=2020, price=49}, Souvenir{id=6, name='hoodie', requisites=49, date=2021, price=55}, Souvenir{id=7, name='sweatshirt', requisites=49, date=2020, price=50}, Souvenir{id=8, name='t-shirt', requisites=49, date=2020, price=30}]
11.05.2021 21:49:30 [main] INFO  by.Astapkina.Main  - All Manufacturers: 

11.05.2021 21:49:30 [main] INFO  by.Astapkina.Main  - [Manufacturer{requisites=20, name='EasyGifts', country='Poland'}, Manufacturer{requisites=23, name='FruitOfTheLoom', country='Germany'}, Manufacturer{requisites=29, name='MidOcean', country='France'}, Manufacturer{requisites=37, name='HappyGifts', country='Russia'}, Manufacturer{requisites=49, name='Sols', country='France'}, Manufacturer{requisites=65, name='Project111', country='Russia'}]

11.05.2021 21:49:30 [main] INFO  by.Astapkina.Main  - Производителях, чьи цены на сувениры меньше 35$
11.05.2021 21:49:30 [main] INFO  by.Astapkina.Main  - [Manufacturer{requisites=20, name='EasyGifts', country='Poland'}, Manufacturer{requisites=20, name='EasyGifts', country='Poland'}, Manufacturer{requisites=29, name='MidOcean', country='France'}, Manufacturer{requisites=37, name='HappyGifts', country='Russia'}, Manufacturer{requisites=49, name='Sols', country='France'}, Manufacturer{requisites=65, name='Project111', country='Russia'}, Manufacturer{requisites=65, name='Project111', country='Russia'}]
11.05.2021 21:49:30 [main] INFO  by.Astapkina.Main  - Производители сувенира pen, произведенного в 2020 году.
11.05.2021 21:49:30 [main] INFO  by.Astapkina.Main  - [Manufacturer{requisites=37, name='HappyGifts', country='Russia'}]
11.05.2021 21:49:30 [main] INFO  by.Astapkina.Main  - All souvenirs

11.05.2021 21:49:30 [main] INFO  by.Astapkina.Main  - [Souvenir{id=1, name='notebook', requisites=20, date=2020, price=22}, Souvenir{id=2, name='pen', requisites=20, date=2021, price=15}, Souvenir{id=3, name='lunchbox', requisites=29, date=2021, price=31}, Souvenir{id=4, name='lamp', requisites=29, date=2020, price=49}, Souvenir{id=5, name='pen', requisites=37, date=2020, price=19}, Souvenir{id=6, name='hoodie', requisites=49, date=2021, price=55}, Souvenir{id=7, name='sweatshirt', requisites=49, date=2020, price=50}, Souvenir{id=8, name='t-shirt', requisites=49, date=2020, price=30}, Souvenir{id=9, name='jacket', requisites=23, date=2021, price=60}, Souvenir{id=10, name='hoodie', requisites=23, date=2021, price=45}, Souvenir{id=11, name='notebook', requisites=65, date=2020, price=25}, Souvenir{id=12, name='calendar', requisites=65, date=2021, price=10}]
11.05.2021 21:49:30 [main] INFO  by.Astapkina.Main  - Информация о сувенирах производителя FruitOfTheLoom
11.05.2021 21:49:30 [main] INFO  by.Astapkina.Main  - [Souvenir{id=9, name='jacket', requisites=23, date=2021, price=60}, Souvenir{id=10, name='hoodie', requisites=23, date=2021, price=45}]
11.05.2021 21:49:30 [main] INFO  by.Astapkina.Main  - Информация о сувенирах, произведенных во Франции
11.05.2021 21:49:30 [main] INFO  by.Astapkina.Main  - [Souvenir{id=3, name='lunchbox', requisites=29, date=2021, price=31}, Souvenir{id=4, name='lamp', requisites=29, date=2020, price=49}, Souvenir{id=6, name='hoodie', requisites=49, date=2021, price=55}, Souvenir{id=7, name='sweatshirt', requisites=49, date=2020, price=50}, Souvenir{id=8, name='t-shirt', requisites=49, date=2020, price=30}]
11.05.2021 21:50:54 [main] INFO  by.Astapkina.Main  - All Manufacturers: 

11.05.2021 21:50:54 [main] INFO  by.Astapkina.Main  - [Manufacturer{requisites=20, name='EasyGifts', country='Poland'}, Manufacturer{requisites=23, name='FruitOfTheLoom', country='Germany'}, Manufacturer{requisites=29, name='MidOcean', country='France'}, Manufacturer{requisites=37, name='HappyGifts', country='Russia'}, Manufacturer{requisites=49, name='Sols', country='France'}, Manufacturer{requisites=65, name='Project111', country='Russia'}]

11.05.2021 21:50:54 [main] INFO  by.Astapkina.Main  - Производителях, чьи цены на сувениры меньше 35$
11.05.2021 21:50:54 [main] INFO  by.Astapkina.Main  - [Manufacturer{requisites=20, name='EasyGifts', country='Poland'}, Manufacturer{requisites=20, name='EasyGifts', country='Poland'}, Manufacturer{requisites=29, name='MidOcean', country='France'}, Manufacturer{requisites=37, name='HappyGifts', country='Russia'}, Manufacturer{requisites=49, name='Sols', country='France'}, Manufacturer{requisites=65, name='Project111', country='Russia'}, Manufacturer{requisites=65, name='Project111', country='Russia'}]
11.05.2021 21:50:54 [main] INFO  by.Astapkina.Main  - Производители сувенира pen, произведенного в 2020 году.
11.05.2021 21:50:54 [main] INFO  by.Astapkina.Main  - [Manufacturer{requisites=37, name='HappyGifts', country='Russia'}]
11.05.2021 21:50:54 [main] INFO  by.Astapkina.Main  - All souvenirs

11.05.2021 21:50:54 [main] INFO  by.Astapkina.Main  - [Souvenir{id=1, name='notebook', requisites=20, date=2020, price=22}, Souvenir{id=2, name='pen', requisites=20, date=2021, price=15}, Souvenir{id=3, name='lunchbox', requisites=29, date=2021, price=31}, Souvenir{id=4, name='lamp', requisites=29, date=2020, price=49}, Souvenir{id=5, name='pen', requisites=37, date=2020, price=19}, Souvenir{id=6, name='hoodie', requisites=49, date=2021, price=55}, Souvenir{id=7, name='sweatshirt', requisites=49, date=2020, price=50}, Souvenir{id=8, name='t-shirt', requisites=49, date=2020, price=30}, Souvenir{id=9, name='jacket', requisites=23, date=2021, price=60}, Souvenir{id=10, name='hoodie', requisites=23, date=2021, price=45}, Souvenir{id=11, name='notebook', requisites=65, date=2020, price=25}, Souvenir{id=12, name='calendar', requisites=65, date=2021, price=10}]
11.05.2021 21:50:54 [main] INFO  by.Astapkina.Main  - Информация о сувенирах производителя FruitOfTheLoom
11.05.2021 21:50:54 [main] INFO  by.Astapkina.Main  - [Souvenir{id=9, name='jacket', requisites=23, date=2021, price=60}, Souvenir{id=10, name='hoodie', requisites=23, date=2021, price=45}]
11.05.2021 21:50:54 [main] INFO  by.Astapkina.Main  - Информация о сувенирах, произведенных во Франции
11.05.2021 21:50:54 [main] INFO  by.Astapkina.Main  - [Souvenir{id=3, name='lunchbox', requisites=29, date=2021, price=31}, Souvenir{id=4, name='lamp', requisites=29, date=2020, price=49}, Souvenir{id=6, name='hoodie', requisites=49, date=2021, price=55}, Souvenir{id=7, name='sweatshirt', requisites=49, date=2020, price=50}, Souvenir{id=8, name='t-shirt', requisites=49, date=2020, price=30}]
